-------------------------------------------------------------------------------
Test set: MobileSummitTests.ContactMobileTest
-------------------------------------------------------------------------------
Tests run: 2, Failures: 0, Errors: 2, Skipped: 0, Time elapsed: 176.836 sec <<< FAILURE!
verifyContactPageTest@IPhone(version="11", platform="IOS")(MobileSummitTests.ContactMobileTest)  Time elapsed: 60.752 sec  <<< ERROR!
org.openqa.selenium.NoSuchElementException: 
An element could not be located on the page using the given search parameters.
For documentation on this error, please visit: https://www.seleniumhq.org/exceptions/no_such_element.html
Build info: version: '3.141.59', revision: 'e82be7d358', time: '2018-11-14T08:17:03'
System info: host: 'Mateis-MacBook-Pro.local', ip: 'fe80:0:0:0:43f:a363:9ff7:f0c3%en0', os.name: 'Mac OS X', os.arch: 'x86_64', os.version: '10.16', java.version: '13.0.2'
Driver info: org.openqa.selenium.remote.RemoteWebDriver
Capabilities {bootstrapPath: /usr/local/.browserstack/co..., browserName: safari, browserstack.isTargetBased: true, databaseEnabled: false, deviceName: iPhone 11, deviceOrientation: PORTRAIT, javascriptEnabled: true, keychainPassword: [REDACTED VALUE], keychainPath: [REDACTED VALUE], locationContextEnabled: false, networkConnectionEnabled: false, newCommandTimeout: 0, noReset: true, orientation: PORTRAIT, platform: MAC, platformName: MAC, realMobile: true, safariIgnoreFraudWarning: true, takesScreenshot: true, udid: 00008030-001E45A61E87802E, useXctestrunFile: true, webStorageEnabled: false}
Session ID: 0dc6f1255dae21e163f6ade4094a0e7d08a40ebb
*** Element info: {Using=id, value=react-select-3-option-3}
	at MobileSummitTests.ContactMobileTest.verifyContactPageTest(ContactMobileTest.java:52)

verifyContactPageTest@Android(version="10", platform="ANDROID")(MobileSummitTests.ContactMobileTest)  Time elapsed: 65.119 sec  <<< ERROR!
org.openqa.selenium.NoSuchElementException: 
no such element: Unable to locate element: {"method":"css selector","selector":"#react\-select\-3\-option\-3"}
  (Session info: chrome=94.0.4606.61)
For documentation on this error, please visit: https://www.seleniumhq.org/exceptions/no_such_element.html
Build info: version: '3.141.59', revision: 'e82be7d358', time: '2018-11-14T08:17:03'
System info: host: 'Mateis-MacBook-Pro.local', ip: 'fe80:0:0:0:43f:a363:9ff7:f0c3%en0', os.name: 'Mac OS X', os.arch: 'x86_64', os.version: '10.16', java.version: '13.0.2'
Driver info: org.openqa.selenium.remote.RemoteWebDriver
Capabilities {appActivity: com.google.android.apps.chr..., appPackage: com.android.chrome, browserName: chrome, chromedriverPort: 18086, databaseEnabled: false, desired: {browserName: chrome, chromedriverPort: 18086, deviceName: android, goog:chromeOptions: {args: [--proxy-bypass-list=<-loopb..., test-type, --proxy-server=http://62.20..., --disable-features=TranslateUI]}, newCommandTimeout: 0, platformName: Android, skipServerInstallation: true, systemPort: 8206, udid: RFCN20AAK3L}, deviceApiLevel: 29, deviceManufacturer: samsung, deviceModel: SM-G981B, deviceName: RFCN20AAK3L, deviceScreenDensity: 480, deviceScreenSize: 1080x2400, deviceUDID: RFCN20AAK3L, goog:chromeOptions: {args: [--proxy-bypass-list=<-loopb..., test-type, --proxy-server=http://62.20..., --disable-features=TranslateUI]}, javascriptEnabled: true, locationContextEnabled: false, networkConnectionEnabled: true, newCommandTimeout: 0, pixelRatio: 3, platform: LINUX, platformName: LINUX, platformVersion: 10, skipServerInstallation: true, statBarHeight: 77, systemPort: 8206, takesScreenshot: true, udid: RFCN20AAK3L, viewportRect: {height: 2101, left: 0, top: 77, width: 1080}, warnings: {}, webStorageEnabled: false}
Session ID: 40e1e3778c48e97882e3429fdc90703d9878fb74
*** Element info: {Using=id, value=react-select-3-option-3}
	at MobileSummitTests.ContactMobileTest.verifyContactPageTest(ContactMobileTest.java:52)

