{
  "uid" : "a581a2d6fc7b7904",
  "name" : "verifyContactPage@Chrome(version=\"90\", platform=\"MAC\")",
  "historyId" : "DesktopSummitTests.ContactPageTest:DesktopSummitTests.ContactPageTest#verifyContactPage@Chrome(version=\"90\", platform=\"MAC\")",
  "time" : {
    "duration" : 54947
  },
  "status" : "broken",
  "statusMessage" : "no such element: Unable to locate element: {\"method\":\"id\",\"selector\":\"react-select-3-placeholder\"}   (Session info: chrome=90.0.4430.72)   (Driver info: chromedriver=90.0.4430.24 (4c6d850f087da467d926e8eddb76550aed655991-refs/branch-heads/4430@{#429}),platform=Mac OS X 10.11.6 x86_64) (WARNING: The server did not provide any stacktrace information) Command duration or timeout: 15 milliseconds For documentation on this error, please visit: http://seleniumhq.org/exceptions/no_such_element.html Build info: version: '2.53.0', revision: '35ae25b', time: '2016-03-15 17:00:58' System info: host: 'mac-185-44-128-134.browserstack.com', ip: '185.44.128.134', os.name: 'Mac OS X', os.arch: 'x86_64', os.version: '10.11.6', java.version: '1.8.0_51' Driver info: org.openqa.selenium.chrome.ChromeDriver Capabilities [{mobileEmulationEnabled=false, timeouts={implicit=0, pageLoad=300000, script=30000}, hasTouchScreen=false, platform=MAC, acceptSslCerts=false, goog:chromeOptions={debuggerAddress=localhost:52911}, acceptInsecureCerts=false, webStorageEnabled=true, browserName=chrome, takesScreenshot=true, javascriptEnabled=true, setWindowRect=true, webauthn:extension:largeBlob=true, unexpectedAlertBehaviour=ignore, applicationCacheEnabled=false, rotatable=false, networkConnectionEnabled=false, chrome={chromedriverVersion=90.0.4430.24 (4c6d850f087da467d926e8eddb76550aed655991-refs/branch-heads/4430@{#429}), userDataDir=/var/folders/yj/h3bj394n2tn74bp3vdngj35c0000jy/T/.com.google.Chrome.skZmrO}, takesHeapSnapshot=true, pageLoadStrategy=normal, strictFileInteractability=false, databaseEnabled=false, handlesAlerts=true, version=90.0.4430.72, browserConnectionEnabled=false, proxy={}, nativeEvents=true, locationContextEnabled=true, cssSelectorsEnabled=true, webauthn:virtualAuthenticators=true}] Session ID: 623d524bca36a87b50a4acf70dce929a *** Element info: {Using=id, value=react-select-3-placeholder} Command duration or timeout: 0 milliseconds",
  "statusTrace" : "org.openqa.selenium.NoSuchElementException: \nno such element: Unable to locate element: {\"method\":\"id\",\"selector\":\"react-select-3-placeholder\"}\n  (Session info: chrome=90.0.4430.72)\n  (Driver info: chromedriver=90.0.4430.24 (4c6d850f087da467d926e8eddb76550aed655991-refs/branch-heads/4430@{#429}),platform=Mac OS X 10.11.6 x86_64) (WARNING: The server did not provide any stacktrace information)\nCommand duration or timeout: 15 milliseconds\nFor documentation on this error, please visit: http://seleniumhq.org/exceptions/no_such_element.html\nBuild info: version: '2.53.0', revision: '35ae25b', time: '2016-03-15 17:00:58'\nSystem info: host: 'mac-185-44-128-134.browserstack.com', ip: '185.44.128.134', os.name: 'Mac OS X', os.arch: 'x86_64', os.version: '10.11.6', java.version: '1.8.0_51'\nDriver info: org.openqa.selenium.chrome.ChromeDriver\nCapabilities [{mobileEmulationEnabled=false, timeouts={implicit=0, pageLoad=300000, script=30000}, hasTouchScreen=false, platform=MAC, acceptSslCerts=false, goog:chromeOptions={debuggerAddress=localhost:52911}, acceptInsecureCerts=false, webStorageEnabled=true, browserName=chrome, takesScreenshot=true, javascriptEnabled=true, setWindowRect=true, webauthn:extension:largeBlob=true, unexpectedAlertBehaviour=ignore, applicationCacheEnabled=false, rotatable=false, networkConnectionEnabled=false, chrome={chromedriverVersion=90.0.4430.24 (4c6d850f087da467d926e8eddb76550aed655991-refs/branch-heads/4430@{#429}), userDataDir=/var/folders/yj/h3bj394n2tn74bp3vdngj35c0000jy/T/.com.google.Chrome.skZmrO}, takesHeapSnapshot=true, pageLoadStrategy=normal, strictFileInteractability=false, databaseEnabled=false, handlesAlerts=true, version=90.0.4430.72, browserConnectionEnabled=false, proxy={}, nativeEvents=true, locationContextEnabled=true, cssSelectorsEnabled=true, webauthn:virtualAuthenticators=true}]\nSession ID: 623d524bca36a87b50a4acf70dce929a\n*** Element info: {Using=id, value=react-select-3-placeholder}\nCommand duration or timeout: 0 milliseconds\n\tat DesktopSummitTests.ContactPageTest.verifyContactPage(ContactPageTest.java:52)\nCaused by: org.openqa.selenium.NoSuchElementException: \nno such element: Unable to locate element: {\"method\":\"id\",\"selector\":\"react-select-3-placeholder\"}\n  (Session info: chrome=90.0.4430.72)\n  (Driver info: chromedriver=90.0.4430.24 (4c6d850f087da467d926e8eddb76550aed655991-refs/branch-heads/4430@{#429}),platform=Mac OS X 10.11.6 x86_64) (WARNING: The server did not provide any stacktrace information)\nCommand duration or timeout: 15 milliseconds\nFor documentation on this error, please visit: http://seleniumhq.org/exceptions/no_such_element.html\nBuild info: version: '2.53.0', revision: '35ae25b', time: '2016-03-15 17:00:58'\nSystem info: host: 'mac-185-44-128-134.browserstack.com', ip: '185.44.128.134', os.name: 'Mac OS X', os.arch: 'x86_64', os.version: '10.11.6', java.version: '1.8.0_51'\nDriver info: org.openqa.selenium.chrome.ChromeDriver\nCapabilities [{mobileEmulationEnabled=false, timeouts={implicit=0, pageLoad=300000, script=30000}, hasTouchScreen=false, platform=MAC, acceptSslCerts=false, goog:chromeOptions={debuggerAddress=localhost:52911}, acceptInsecureCerts=false, webStorageEnabled=true, browserName=chrome, takesScreenshot=true, javascriptEnabled=true, setWindowRect=true, webauthn:extension:largeBlob=true, unexpectedAlertBehaviour=ignore, applicationCacheEnabled=false, rotatable=false, networkConnectionEnabled=false, chrome={chromedriverVersion=90.0.4430.24 (4c6d850f087da467d926e8eddb76550aed655991-refs/branch-heads/4430@{#429}), userDataDir=/var/folders/yj/h3bj394n2tn74bp3vdngj35c0000jy/T/.com.google.Chrome.skZmrO}, takesHeapSnapshot=true, pageLoadStrategy=normal, strictFileInteractability=false, databaseEnabled=false, handlesAlerts=true, version=90.0.4430.72, browserConnectionEnabled=false, proxy={}, nativeEvents=true, locationContextEnabled=true, cssSelectorsEnabled=true, webauthn:virtualAuthenticators=true}]\nSession ID: 623d524bca36a87b50a4acf70dce929a\n*** Element info: {Using=id, value=react-select-3-placeholder}\nFor documentation on this error, please visit: https://www.seleniumhq.org/exceptions/no_such_element.html\nBuild info: version: '3.141.59', revision: 'e82be7d358', time: '2018-11-14T08:17:03'\nSystem info: host: 'Mateis-MacBook-Pro.local', ip: 'fe80:0:0:0:1441:fd97:16d5:8d8e%en0', os.name: 'Mac OS X', os.arch: 'x86_64', os.version: '10.16', java.version: '13.0.2'\nDriver info: driver.version: EventFiringWebDriver\n",
  "flaky" : false,
  "newFailed" : false,
  "beforeStages" : [ ],
  "testStage" : {
    "steps" : [ {
      "name" : "20:50:39.834 [main] INFO com.github.webdriverextensions.junitrunner.WebDriverRunner - Running test ContactPageTest.verifyContactPage@Chrome(version=\"90\", platform=\"MAC\")",
      "time" : { },
      "steps" : [ ],
      "attachments" : [ ],
      "parameters" : [ ],
      "stepsCount" : 0,
      "attachmentsCount" : 0,
      "shouldDisplayMessage" : false,
      "hasContent" : false
    }, {
      "name" : "20:50:39.835 [main] DEBUG com.gargoylesoftware.htmlunit.WebClient - Get page for window named '', using WebRequest[<url=\"about:blank\", GET, EncodingType[name=application/x-www-form-urlencoded], [], {Accept=text/html,application/xhtml+xml,application/xml;q=0.9,image/webp,image/apng,*/*;q=0.8, Accept-Encoding=gzip, deflate}, null>]",
      "time" : { },
      "steps" : [ ],
      "attachments" : [ ],
      "parameters" : [ ],
      "stepsCount" : 0,
      "attachmentsCount" : 0,
      "shouldDisplayMessage" : false,
      "hasContent" : false
    }, {
      "name" : "20:50:39.835 [main] DEBUG com.gargoylesoftware.htmlunit.WebWindowImpl - setEnclosedPage: HtmlPage(about:blank)@1134659766",
      "time" : { },
      "steps" : [ ],
      "attachments" : [ ],
      "parameters" : [ ],
      "stepsCount" : 0,
      "attachmentsCount" : 0,
      "shouldDisplayMessage" : false,
      "hasContent" : false
    }, {
      "name" : "20:50:39.835 [main] DEBUG com.gargoylesoftware.htmlunit.WebWindowImpl - destroyChildren",
      "time" : { },
      "steps" : [ ],
      "attachments" : [ ],
      "parameters" : [ ],
      "stepsCount" : 0,
      "attachmentsCount" : 0,
      "shouldDisplayMessage" : false,
      "hasContent" : false
    }, {
      "name" : "20:50:39.839 [main] DEBUG com.gargoylesoftware.htmlunit.util.EncodingSniffer - Encoding found in HTTP headers: 'UTF-8'.",
      "time" : { },
      "steps" : [ ],
      "attachments" : [ ],
      "parameters" : [ ],
      "stepsCount" : 0,
      "attachmentsCount" : 0,
      "shouldDisplayMessage" : false,
      "hasContent" : false
    }, {
      "name" : "20:50:39.841 [main] DEBUG com.gargoylesoftware.htmlunit.WebClient - Get page for window named '', using WebRequest[<url=\"about:blank\", GET, EncodingType[name=application/x-www-form-urlencoded], [], {Accept=text/html,application/xhtml+xml,application/xml;q=0.9,image/webp,image/apng,*/*;q=0.8, Accept-Encoding=gzip, deflate}, null>]",
      "time" : { },
      "steps" : [ ],
      "attachments" : [ ],
      "parameters" : [ ],
      "stepsCount" : 0,
      "attachmentsCount" : 0,
      "shouldDisplayMessage" : false,
      "hasContent" : false
    }, {
      "name" : "20:50:39.841 [main] DEBUG com.gargoylesoftware.htmlunit.WebWindowImpl - setEnclosedPage: HtmlPage(about:blank)@830615916",
      "time" : { },
      "steps" : [ ],
      "attachments" : [ ],
      "parameters" : [ ],
      "stepsCount" : 0,
      "attachmentsCount" : 0,
      "shouldDisplayMessage" : false,
      "hasContent" : false
    }, {
      "name" : "20:50:39.841 [main] DEBUG com.gargoylesoftware.htmlunit.WebWindowImpl - destroyChildren",
      "time" : { },
      "steps" : [ ],
      "attachments" : [ ],
      "parameters" : [ ],
      "stepsCount" : 0,
      "attachmentsCount" : 0,
      "shouldDisplayMessage" : false,
      "hasContent" : false
    }, {
      "name" : "20:50:39.845 [main] DEBUG com.gargoylesoftware.htmlunit.util.EncodingSniffer - Encoding found in HTTP headers: 'UTF-8'.",
      "time" : { },
      "steps" : [ ],
      "attachments" : [ ],
      "parameters" : [ ],
      "stepsCount" : 0,
      "attachmentsCount" : 0,
      "shouldDisplayMessage" : false,
      "hasContent" : false
    } ],
    "attachments" : [ {
      "uid" : "47b7b8b408b50287",
      "name" : "System out",
      "source" : "47b7b8b408b50287.txt",
      "type" : "text/plain",
      "size" : 15623
    } ],
    "parameters" : [ ],
    "stepsCount" : 9,
    "attachmentsCount" : 1,
    "shouldDisplayMessage" : false,
    "hasContent" : true
  },
  "afterStages" : [ ],
  "labels" : [ {
    "name" : "resultFormat",
    "value" : "junit"
  }, {
    "name" : "suite",
    "value" : "DesktopSummitTests.ContactPageTest"
  }, {
    "name" : "testClass",
    "value" : "DesktopSummitTests.ContactPageTest"
  }, {
    "name" : "package",
    "value" : "DesktopSummitTests.ContactPageTest"
  } ],
  "parameters" : [ ],
  "links" : [ ],
  "hidden" : false,
  "retry" : false,
  "extra" : {
    "severity" : "normal",
    "retries" : [ ],
    "categories" : [ {
      "name" : "Test defects",
      "matchedStatuses" : [ ],
      "flaky" : false
    } ],
    "tags" : [ ]
  },
  "source" : "a581a2d6fc7b7904.json",
  "parameterValues" : [ ]
}