{
  "uid" : "e106d59041dea104",
  "name" : "verifySearchResultsPresent@Chrome(version=\"90\", platform=\"WINDOWS\")",
  "historyId" : "IohkIoTest.IohkIoBlogTest:IohkIoTest.IohkIoBlogTest#verifySearchResultsPresent@Chrome(version=\"90\", platform=\"WINDOWS\")",
  "time" : {
    "duration" : 27524
  },
  "status" : "broken",
  "statusMessage" : "no such element: Unable to locate element: {\"method\":\"name\",\"selector\":\"query\"}   (Session info: chrome=90.0.4430.72)   (Driver info: chromedriver=90.0.4430.24 (4c6d850f087da467d926e8eddb76550aed655991-refs/branch-heads/4430@{#429}),platform=Windows NT 10.0.19042 x86_64) (WARNING: The server did not provide any stacktrace information) Command duration or timeout: 78 milliseconds For documentation on this error, please visit: http://seleniumhq.org/exceptions/no_such_element.html Build info: version: '2.53.0', revision: '35ae25b', time: '2016-03-15 17:00:58' System info: host: '10-144-226-196', ip: '10.144.226.196', os.name: 'windows', os.arch: 'x86', os.version: '10.0', java.version: '1.8.0_181' Driver info: org.openqa.selenium.chrome.ChromeDriver Capabilities [{mobileEmulationEnabled=false, timeouts={implicit=0, pageLoad=300000, script=30000}, hasTouchScreen=false, platform=XP, acceptSslCerts=false, goog:chromeOptions={debuggerAddress=localhost:2492}, acceptInsecureCerts=false, webStorageEnabled=true, browserName=chrome, takesScreenshot=true, javascriptEnabled=true, setWindowRect=true, webauthn:extension:largeBlob=true, unexpectedAlertBehaviour=ignore, applicationCacheEnabled=false, rotatable=false, networkConnectionEnabled=false, chrome={chromedriverVersion=90.0.4430.24 (4c6d850f087da467d926e8eddb76550aed655991-refs/branch-heads/4430@{#429}), userDataDir=C:\\Windows\\proxy\\scoped_dir10260_693711341}, takesHeapSnapshot=true, pageLoadStrategy=normal, strictFileInteractability=false, databaseEnabled=false, handlesAlerts=true, version=90.0.4430.72, browserConnectionEnabled=false, proxy={}, nativeEvents=true, locationContextEnabled=true, cssSelectorsEnabled=true, webauthn:virtualAuthenticators=true}] Session ID: 1ca911ae4341f1aa7baeb0e1dac53a8e *** Element info: {Using=name, value=query} Command duration or timeout: 0 milliseconds",
  "statusTrace" : "org.openqa.selenium.NoSuchElementException: \nno such element: Unable to locate element: {\"method\":\"name\",\"selector\":\"query\"}\n  (Session info: chrome=90.0.4430.72)\n  (Driver info: chromedriver=90.0.4430.24 (4c6d850f087da467d926e8eddb76550aed655991-refs/branch-heads/4430@{#429}),platform=Windows NT 10.0.19042 x86_64) (WARNING: The server did not provide any stacktrace information)\nCommand duration or timeout: 78 milliseconds\nFor documentation on this error, please visit: http://seleniumhq.org/exceptions/no_such_element.html\nBuild info: version: '2.53.0', revision: '35ae25b', time: '2016-03-15 17:00:58'\nSystem info: host: '10-144-226-196', ip: '10.144.226.196', os.name: 'windows', os.arch: 'x86', os.version: '10.0', java.version: '1.8.0_181'\nDriver info: org.openqa.selenium.chrome.ChromeDriver\nCapabilities [{mobileEmulationEnabled=false, timeouts={implicit=0, pageLoad=300000, script=30000}, hasTouchScreen=false, platform=XP, acceptSslCerts=false, goog:chromeOptions={debuggerAddress=localhost:2492}, acceptInsecureCerts=false, webStorageEnabled=true, browserName=chrome, takesScreenshot=true, javascriptEnabled=true, setWindowRect=true, webauthn:extension:largeBlob=true, unexpectedAlertBehaviour=ignore, applicationCacheEnabled=false, rotatable=false, networkConnectionEnabled=false, chrome={chromedriverVersion=90.0.4430.24 (4c6d850f087da467d926e8eddb76550aed655991-refs/branch-heads/4430@{#429}), userDataDir=C:\\Windows\\proxy\\scoped_dir10260_693711341}, takesHeapSnapshot=true, pageLoadStrategy=normal, strictFileInteractability=false, databaseEnabled=false, handlesAlerts=true, version=90.0.4430.72, browserConnectionEnabled=false, proxy={}, nativeEvents=true, locationContextEnabled=true, cssSelectorsEnabled=true, webauthn:virtualAuthenticators=true}]\nSession ID: 1ca911ae4341f1aa7baeb0e1dac53a8e\n*** Element info: {Using=name, value=query}\nCommand duration or timeout: 0 milliseconds\n\tat IohkIoTest.IohkIoBlogTest.verifySearchResultsPresent(IohkIoBlogTest.java:98)\nCaused by: org.openqa.selenium.remote.ScreenshotException: Screen shot has been taken\n\tat IohkIoTest.IohkIoBlogTest.verifySearchResultsPresent(IohkIoBlogTest.java:98)\nCaused by: org.openqa.selenium.NoSuchElementException: \nno such element: Unable to locate element: {\"method\":\"name\",\"selector\":\"query\"}\n  (Session info: chrome=90.0.4430.72)\n  (Driver info: chromedriver=90.0.4430.24 (4c6d850f087da467d926e8eddb76550aed655991-refs/branch-heads/4430@{#429}),platform=Windows NT 10.0.19042 x86_64) (WARNING: The server did not provide any stacktrace information)\nCommand duration or timeout: 78 milliseconds\nFor documentation on this error, please visit: http://seleniumhq.org/exceptions/no_such_element.html\nBuild info: version: '2.53.0', revision: '35ae25b', time: '2016-03-15 17:00:58'\nSystem info: host: '10-144-226-196', ip: '10.144.226.196', os.name: 'windows', os.arch: 'x86', os.version: '10.0', java.version: '1.8.0_181'\nDriver info: org.openqa.selenium.chrome.ChromeDriver\nCapabilities [{mobileEmulationEnabled=false, timeouts={implicit=0, pageLoad=300000, script=30000}, hasTouchScreen=false, platform=XP, acceptSslCerts=false, goog:chromeOptions={debuggerAddress=localhost:2492}, acceptInsecureCerts=false, webStorageEnabled=true, browserName=chrome, takesScreenshot=true, javascriptEnabled=true, setWindowRect=true, webauthn:extension:largeBlob=true, unexpectedAlertBehaviour=ignore, applicationCacheEnabled=false, rotatable=false, networkConnectionEnabled=false, chrome={chromedriverVersion=90.0.4430.24 (4c6d850f087da467d926e8eddb76550aed655991-refs/branch-heads/4430@{#429}), userDataDir=C:\\Windows\\proxy\\scoped_dir10260_693711341}, takesHeapSnapshot=true, pageLoadStrategy=normal, strictFileInteractability=false, databaseEnabled=false, handlesAlerts=true, version=90.0.4430.72, browserConnectionEnabled=false, proxy={}, nativeEvents=true, locationContextEnabled=true, cssSelectorsEnabled=true, webauthn:virtualAuthenticators=true}]\nSession ID: 1ca911ae4341f1aa7baeb0e1dac53a8e\n*** Element info: {Using=name, value=query}\nFor documentation on this error, please visit: https://www.seleniumhq.org/exceptions/no_such_element.html\nBuild info: version: '3.141.59', revision: 'e82be7d358', time: '2018-11-14T08:17:03'\nSystem info: host: 'DESKTOP-2HEO061', ip: '192.168.1.236', os.name: 'Windows 10', os.arch: 'amd64', os.version: '10.0', java.version: '16.0.1'\nDriver info: driver.version: EventFiringWebDriver\n",
  "flaky" : false,
  "newFailed" : false,
  "beforeStages" : [ ],
  "testStage" : {
    "steps" : [ {
      "name" : "07:17:00.918 [main] INFO com.github.webdriverextensions.junitrunner.WebDriverRunner - Running test IohkIoBlogTest.verifySearchResultsPresent@Chrome(version=\"90\", platform=\"WINDOWS\")",
      "time" : { },
      "steps" : [ ],
      "attachments" : [ ],
      "parameters" : [ ],
      "stepsCount" : 0,
      "attachmentsCount" : 0,
      "shouldDisplayMessage" : false,
      "hasContent" : false
    }, {
      "name" : "07:17:00.919 [main] DEBUG com.gargoylesoftware.htmlunit.WebClient - Get page for window named '', using WebRequest[<url=\"about:blank\", GET, EncodingType[name=application/x-www-form-urlencoded], [], {Accept=text/html,application/xhtml+xml,application/xml;q=0.9,image/webp,image/apng,*/*;q=0.8, Accept-Encoding=gzip, deflate}, null>]",
      "time" : { },
      "steps" : [ ],
      "attachments" : [ ],
      "parameters" : [ ],
      "stepsCount" : 0,
      "attachmentsCount" : 0,
      "shouldDisplayMessage" : false,
      "hasContent" : false
    }, {
      "name" : "07:17:00.919 [main] DEBUG com.gargoylesoftware.htmlunit.WebWindowImpl - setEnclosedPage: HtmlPage(about:blank)@1771040410",
      "time" : { },
      "steps" : [ ],
      "attachments" : [ ],
      "parameters" : [ ],
      "stepsCount" : 0,
      "attachmentsCount" : 0,
      "shouldDisplayMessage" : false,
      "hasContent" : false
    }, {
      "name" : "07:17:00.919 [main] DEBUG com.gargoylesoftware.htmlunit.WebWindowImpl - destroyChildren",
      "time" : { },
      "steps" : [ ],
      "attachments" : [ ],
      "parameters" : [ ],
      "stepsCount" : 0,
      "attachmentsCount" : 0,
      "shouldDisplayMessage" : false,
      "hasContent" : false
    }, {
      "name" : "07:17:00.925 [main] DEBUG com.gargoylesoftware.htmlunit.util.EncodingSniffer - Encoding found in HTTP headers: 'UTF-8'.",
      "time" : { },
      "steps" : [ ],
      "attachments" : [ ],
      "parameters" : [ ],
      "stepsCount" : 0,
      "attachmentsCount" : 0,
      "shouldDisplayMessage" : false,
      "hasContent" : false
    }, {
      "name" : "07:17:00.928 [main] DEBUG com.gargoylesoftware.htmlunit.WebClient - Get page for window named '', using WebRequest[<url=\"about:blank\", GET, EncodingType[name=application/x-www-form-urlencoded], [], {Accept=text/html,application/xhtml+xml,application/xml;q=0.9,image/webp,image/apng,*/*;q=0.8, Accept-Encoding=gzip, deflate}, null>]",
      "time" : { },
      "steps" : [ ],
      "attachments" : [ ],
      "parameters" : [ ],
      "stepsCount" : 0,
      "attachmentsCount" : 0,
      "shouldDisplayMessage" : false,
      "hasContent" : false
    }, {
      "name" : "07:17:00.928 [main] DEBUG com.gargoylesoftware.htmlunit.WebWindowImpl - setEnclosedPage: HtmlPage(about:blank)@1079167170",
      "time" : { },
      "steps" : [ ],
      "attachments" : [ ],
      "parameters" : [ ],
      "stepsCount" : 0,
      "attachmentsCount" : 0,
      "shouldDisplayMessage" : false,
      "hasContent" : false
    }, {
      "name" : "07:17:00.928 [main] DEBUG com.gargoylesoftware.htmlunit.WebWindowImpl - destroyChildren",
      "time" : { },
      "steps" : [ ],
      "attachments" : [ ],
      "parameters" : [ ],
      "stepsCount" : 0,
      "attachmentsCount" : 0,
      "shouldDisplayMessage" : false,
      "hasContent" : false
    }, {
      "name" : "07:17:00.932 [main] DEBUG com.gargoylesoftware.htmlunit.util.EncodingSniffer - Encoding found in HTTP headers: 'UTF-8'.",
      "time" : { },
      "steps" : [ ],
      "attachments" : [ ],
      "parameters" : [ ],
      "stepsCount" : 0,
      "attachmentsCount" : 0,
      "shouldDisplayMessage" : false,
      "hasContent" : false
    } ],
    "attachments" : [ {
      "uid" : "ee76150f424fdd4c",
      "name" : "System out",
      "source" : "ee76150f424fdd4c.txt",
      "type" : "text/plain",
      "size" : 8845
    } ],
    "parameters" : [ ],
    "stepsCount" : 9,
    "attachmentsCount" : 1,
    "shouldDisplayMessage" : false,
    "hasContent" : true
  },
  "afterStages" : [ ],
  "labels" : [ {
    "name" : "resultFormat",
    "value" : "junit"
  }, {
    "name" : "suite",
    "value" : "IohkIoTest.IohkIoBlogTest"
  }, {
    "name" : "testClass",
    "value" : "IohkIoTest.IohkIoBlogTest"
  }, {
    "name" : "package",
    "value" : "IohkIoTest.IohkIoBlogTest"
  } ],
  "parameters" : [ ],
  "links" : [ ],
  "hidden" : false,
  "retry" : false,
  "extra" : {
    "severity" : "normal",
    "retries" : [ ],
    "categories" : [ {
      "name" : "Test defects",
      "matchedStatuses" : [ ],
      "flaky" : false
    } ],
    "tags" : [ ]
  },
  "source" : "e106d59041dea104.json",
  "parameterValues" : [ ]
}