-------------------------------------------------------------------------------
Test set: DesktopTest.CardanoDocsExploreCardanoTest
-------------------------------------------------------------------------------
Tests run: 18, Failures: 0, Errors: 6, Skipped: 0, Time elapsed: 3,760.922 sec <<< FAILURE!
verifyDiscoverCardanoPageLinksTest@Chrome(version="90", platform="MAC")(DesktopTest.CardanoDocsExploreCardanoTest)  Time elapsed: 257.277 sec  <<< ERROR!
org.openqa.selenium.StaleElementReferenceException: 
stale element reference: element is not attached to the page document
  (Session info: chrome=90.0.4430.72)
  (Driver info: chromedriver=90.0.4430.24 (4c6d850f087da467d926e8eddb76550aed655991-refs/branch-heads/4430@{#429}),platform=Mac OS X 10.12.6 x86_64) (WARNING: The server did not provide any stacktrace information)
Command duration or timeout: 13 milliseconds
For documentation on this error, please visit: http://seleniumhq.org/exceptions/stale_element_reference.html
Build info: version: '2.53.0', revision: '35ae25b', time: '2016-03-15 17:00:58'
System info: host: 'mac-10-144-144-77.browserstack.com', ip: '10.144.144.77', os.name: 'Mac OS X', os.arch: 'x86_64', os.version: '10.12.6', java.version: '1.8.0_51'
Driver info: org.openqa.selenium.chrome.ChromeDriver
Capabilities [{mobileEmulationEnabled=false, timeouts={implicit=0, pageLoad=300000, script=30000}, hasTouchScreen=false, platform=MAC, acceptSslCerts=false, goog:chromeOptions={debuggerAddress=localhost:50755}, acceptInsecureCerts=false, webStorageEnabled=true, browserName=chrome, takesScreenshot=true, javascriptEnabled=true, setWindowRect=true, webauthn:extension:largeBlob=true, unexpectedAlertBehaviour=ignore, applicationCacheEnabled=false, rotatable=false, networkConnectionEnabled=false, chrome={chromedriverVersion=90.0.4430.24 (4c6d850f087da467d926e8eddb76550aed655991-refs/branch-heads/4430@{#429}), userDataDir=/var/folders/yj/h3bj394n2tn74bp3vdngj35c0000jy/T/.com.google.Chrome.I0c6Oh}, takesHeapSnapshot=true, pageLoadStrategy=normal, strictFileInteractability=false, databaseEnabled=false, handlesAlerts=true, version=90.0.4430.72, browserConnectionEnabled=false, proxy={}, nativeEvents=true, locationContextEnabled=true, cssSelectorsEnabled=true, webauthn:virtualAuthenticators=true}]
Session ID: c50cb5c34e170240d521944ed0f2c4cc
Command duration or timeout: 0 milliseconds
	at DesktopTest.CardanoDocsExploreCardanoTest.verifyDiscoverCardanoPageLinksTest(CardanoDocsExploreCardanoTest.java:79)
Caused by: org.openqa.selenium.StaleElementReferenceException: 
stale element reference: element is not attached to the page document
  (Session info: chrome=90.0.4430.72)
  (Driver info: chromedriver=90.0.4430.24 (4c6d850f087da467d926e8eddb76550aed655991-refs/branch-heads/4430@{#429}),platform=Mac OS X 10.12.6 x86_64) (WARNING: The server did not provide any stacktrace information)
Command duration or timeout: 13 milliseconds
For documentation on this error, please visit: http://seleniumhq.org/exceptions/stale_element_reference.html
Build info: version: '2.53.0', revision: '35ae25b', time: '2016-03-15 17:00:58'
System info: host: 'mac-10-144-144-77.browserstack.com', ip: '10.144.144.77', os.name: 'Mac OS X', os.arch: 'x86_64', os.version: '10.12.6', java.version: '1.8.0_51'
Driver info: org.openqa.selenium.chrome.ChromeDriver
Capabilities [{mobileEmulationEnabled=false, timeouts={implicit=0, pageLoad=300000, script=30000}, hasTouchScreen=false, platform=MAC, acceptSslCerts=false, goog:chromeOptions={debuggerAddress=localhost:50755}, acceptInsecureCerts=false, webStorageEnabled=true, browserName=chrome, takesScreenshot=true, javascriptEnabled=true, setWindowRect=true, webauthn:extension:largeBlob=true, unexpectedAlertBehaviour=ignore, applicationCacheEnabled=false, rotatable=false, networkConnectionEnabled=false, chrome={chromedriverVersion=90.0.4430.24 (4c6d850f087da467d926e8eddb76550aed655991-refs/branch-heads/4430@{#429}), userDataDir=/var/folders/yj/h3bj394n2tn74bp3vdngj35c0000jy/T/.com.google.Chrome.I0c6Oh}, takesHeapSnapshot=true, pageLoadStrategy=normal, strictFileInteractability=false, databaseEnabled=false, handlesAlerts=true, version=90.0.4430.72, browserConnectionEnabled=false, proxy={}, nativeEvents=true, locationContextEnabled=true, cssSelectorsEnabled=true, webauthn:virtualAuthenticators=true}]
Session ID: c50cb5c34e170240d521944ed0f2c4cc
For documentation on this error, please visit: https://www.seleniumhq.org/exceptions/stale_element_reference.html
Build info: version: '3.141.59', revision: 'e82be7d358', time: '2018-11-14T08:17:03'
System info: host: 'Mateis-MacBook-Pro.local', ip: 'fe80:0:0:0:1c79:8919:a198:9e58%en0', os.name: 'Mac OS X', os.arch: 'x86_64', os.version: '10.16', java.version: '13.0.2'
Driver info: driver.version: RemoteWebDriver

verifyDiscoverCardanoPageLinksTest@Chrome(version="90", platform="WINDOWS")(DesktopTest.CardanoDocsExploreCardanoTest)  Time elapsed: 397.887 sec  <<< ERROR!
java.lang.IndexOutOfBoundsException: Index 8 out of bounds for length 8
	at DesktopTest.CardanoDocsExploreCardanoTest.verifyDiscoverCardanoPageLinksTest(CardanoDocsExploreCardanoTest.java:79)

verifyDiscoverCardanoPageLinksTest@Edge(version="90", platform="WINDOWS")(DesktopTest.CardanoDocsExploreCardanoTest)  Time elapsed: 424.166 sec  <<< ERROR!
java.lang.IndexOutOfBoundsException: Index 8 out of bounds for length 8
	at DesktopTest.CardanoDocsExploreCardanoTest.verifyDiscoverCardanoPageLinksTest(CardanoDocsExploreCardanoTest.java:79)

verifyDiscoverCardanoPageLinksTest@Firefox(version="88", platform="MAC")(DesktopTest.CardanoDocsExploreCardanoTest)  Time elapsed: 304.445 sec  <<< ERROR!
java.lang.IndexOutOfBoundsException: Index 8 out of bounds for length 8
	at DesktopTest.CardanoDocsExploreCardanoTest.verifyDiscoverCardanoPageLinksTest(CardanoDocsExploreCardanoTest.java:79)

verifyDiscoverCardanoPageLinksTest@Firefox(version="88", platform="WINDOWS")(DesktopTest.CardanoDocsExploreCardanoTest)  Time elapsed: 316.179 sec  <<< ERROR!
java.lang.IndexOutOfBoundsException: Index 8 out of bounds for length 8
	at DesktopTest.CardanoDocsExploreCardanoTest.verifyDiscoverCardanoPageLinksTest(CardanoDocsExploreCardanoTest.java:79)

verifyDiscoverCardanoPageLinksTest@Safari(version="14", platform="MAC")(DesktopTest.CardanoDocsExploreCardanoTest)  Time elapsed: 389.645 sec  <<< ERROR!
java.lang.IndexOutOfBoundsException: Index 8 out of bounds for length 8
	at DesktopTest.CardanoDocsExploreCardanoTest.verifyDiscoverCardanoPageLinksTest(CardanoDocsExploreCardanoTest.java:79)

