-------------------------------------------------------------------------------
Test set: DesktopTest.CardanoDocsHomeTest
-------------------------------------------------------------------------------
Tests run: 42, Failures: 12, Errors: 6, Skipped: 0, Time elapsed: 1,136.491 sec <<< FAILURE!
verifyIntroductionPageContentTest@Chrome(version="90", platform="MAC")(DesktopTest.CardanoDocsHomeTest)  Time elapsed: 7.86 sec  <<< ERROR!
org.openqa.selenium.NoSuchElementException: 
no such element: Unable to locate element: {"method":"id","selector":"information"}
  (Session info: chrome=90.0.4430.72)
  (Driver info: chromedriver=90.0.4430.24 (4c6d850f087da467d926e8eddb76550aed655991-refs/branch-heads/4430@{#429}),platform=Mac OS X 10.13.6 x86_64) (WARNING: The server did not provide any stacktrace information)
Command duration or timeout: 24 milliseconds
For documentation on this error, please visit: http://seleniumhq.org/exceptions/no_such_element.html
Build info: version: '2.53.0', revision: '35ae25b', time: '2016-03-15 17:00:58'
System info: host: 'mac-10-144-144-42.browserstack.com', ip: '10.144.144.42', os.name: 'Mac OS X', os.arch: 'x86_64', os.version: '10.13.6', java.version: '1.8.0_51'
Driver info: org.openqa.selenium.chrome.ChromeDriver
Capabilities [{mobileEmulationEnabled=false, timeouts={implicit=0, pageLoad=300000, script=30000}, hasTouchScreen=false, platform=MAC, acceptSslCerts=false, goog:chromeOptions={debuggerAddress=localhost:53984}, acceptInsecureCerts=false, webStorageEnabled=true, browserName=chrome, takesScreenshot=true, javascriptEnabled=true, setWindowRect=true, webauthn:extension:largeBlob=true, unexpectedAlertBehaviour=ignore, applicationCacheEnabled=false, rotatable=false, networkConnectionEnabled=false, chrome={chromedriverVersion=90.0.4430.24 (4c6d850f087da467d926e8eddb76550aed655991-refs/branch-heads/4430@{#429}), userDataDir=/var/folders/yj/h3bj394n2tn74bp3vdngj35c0000jy/T/.com.google.Chrome.vWmFWd}, takesHeapSnapshot=true, pageLoadStrategy=normal, strictFileInteractability=false, databaseEnabled=false, handlesAlerts=true, version=90.0.4430.72, browserConnectionEnabled=false, proxy={}, nativeEvents=true, locationContextEnabled=true, cssSelectorsEnabled=true, webauthn:virtualAuthenticators=true}]
Session ID: 6de093137a32838db551532fd007f312
*** Element info: {Using=id, value=information}
Command duration or timeout: 0 milliseconds
	at DesktopTest.CardanoDocsHomeTest.verifyIntroductionPageContentTest(CardanoDocsHomeTest.java:132)
Caused by: org.openqa.selenium.NoSuchElementException: 
no such element: Unable to locate element: {"method":"id","selector":"information"}
  (Session info: chrome=90.0.4430.72)
  (Driver info: chromedriver=90.0.4430.24 (4c6d850f087da467d926e8eddb76550aed655991-refs/branch-heads/4430@{#429}),platform=Mac OS X 10.13.6 x86_64) (WARNING: The server did not provide any stacktrace information)
Command duration or timeout: 24 milliseconds
For documentation on this error, please visit: http://seleniumhq.org/exceptions/no_such_element.html
Build info: version: '2.53.0', revision: '35ae25b', time: '2016-03-15 17:00:58'
System info: host: 'mac-10-144-144-42.browserstack.com', ip: '10.144.144.42', os.name: 'Mac OS X', os.arch: 'x86_64', os.version: '10.13.6', java.version: '1.8.0_51'
Driver info: org.openqa.selenium.chrome.ChromeDriver
Capabilities [{mobileEmulationEnabled=false, timeouts={implicit=0, pageLoad=300000, script=30000}, hasTouchScreen=false, platform=MAC, acceptSslCerts=false, goog:chromeOptions={debuggerAddress=localhost:53984}, acceptInsecureCerts=false, webStorageEnabled=true, browserName=chrome, takesScreenshot=true, javascriptEnabled=true, setWindowRect=true, webauthn:extension:largeBlob=true, unexpectedAlertBehaviour=ignore, applicationCacheEnabled=false, rotatable=false, networkConnectionEnabled=false, chrome={chromedriverVersion=90.0.4430.24 (4c6d850f087da467d926e8eddb76550aed655991-refs/branch-heads/4430@{#429}), userDataDir=/var/folders/yj/h3bj394n2tn74bp3vdngj35c0000jy/T/.com.google.Chrome.vWmFWd}, takesHeapSnapshot=true, pageLoadStrategy=normal, strictFileInteractability=false, databaseEnabled=false, handlesAlerts=true, version=90.0.4430.72, browserConnectionEnabled=false, proxy={}, nativeEvents=true, locationContextEnabled=true, cssSelectorsEnabled=true, webauthn:virtualAuthenticators=true}]
Session ID: 6de093137a32838db551532fd007f312
*** Element info: {Using=id, value=information}
For documentation on this error, please visit: https://www.seleniumhq.org/exceptions/no_such_element.html
Build info: version: '3.141.59', revision: 'e82be7d358', time: '2018-11-14T08:17:03'
System info: host: 'Mateis-MacBook-Pro.local', ip: 'fe80:0:0:0:1c79:8919:a198:9e58%en0', os.name: 'Mac OS X', os.arch: 'x86_64', os.version: '10.16', java.version: '13.0.2'
Driver info: driver.version: EventFiringWebDriver

verifyIntroductionPageContentTest@Chrome(version="90", platform="WINDOWS")(DesktopTest.CardanoDocsHomeTest)  Time elapsed: 8.863 sec  <<< ERROR!
org.openqa.selenium.NoSuchElementException: 
no such element: Unable to locate element: {"method":"id","selector":"information"}
  (Session info: chrome=90.0.4430.72)
  (Driver info: chromedriver=90.0.4430.24 (4c6d850f087da467d926e8eddb76550aed655991-refs/branch-heads/4430@{#429}),platform=Windows NT 10.0.19043 x86_64) (WARNING: The server did not provide any stacktrace information)
Command duration or timeout: 28 milliseconds
For documentation on this error, please visit: http://seleniumhq.org/exceptions/no_such_element.html
Build info: version: '2.53.0', revision: '35ae25b', time: '2016-03-15 17:00:58'
System info: host: '10-144-164-138', ip: '10.144.164.138', os.name: 'windows', os.arch: 'x86', os.version: '10.0', java.version: '1.8.0_181'
Driver info: org.openqa.selenium.chrome.ChromeDriver
Capabilities [{mobileEmulationEnabled=false, timeouts={implicit=0, pageLoad=300000, script=30000}, hasTouchScreen=false, platform=XP, acceptSslCerts=false, goog:chromeOptions={debuggerAddress=localhost:4123}, acceptInsecureCerts=false, webStorageEnabled=true, browserName=chrome, takesScreenshot=true, javascriptEnabled=true, setWindowRect=true, webauthn:extension:largeBlob=true, unexpectedAlertBehaviour=ignore, applicationCacheEnabled=false, rotatable=false, networkConnectionEnabled=false, chrome={chromedriverVersion=90.0.4430.24 (4c6d850f087da467d926e8eddb76550aed655991-refs/branch-heads/4430@{#429}), userDataDir=C:\Windows\proxy\scoped_dir1160_837376931}, takesHeapSnapshot=true, pageLoadStrategy=normal, strictFileInteractability=false, databaseEnabled=false, handlesAlerts=true, version=90.0.4430.72, browserConnectionEnabled=false, proxy={}, nativeEvents=true, locationContextEnabled=true, cssSelectorsEnabled=true, webauthn:virtualAuthenticators=true}]
Session ID: 4a0d6d2d281823d87021767eb33145b6
*** Element info: {Using=id, value=information}
Command duration or timeout: 0 milliseconds
	at DesktopTest.CardanoDocsHomeTest.verifyIntroductionPageContentTest(CardanoDocsHomeTest.java:132)
Caused by: org.openqa.selenium.remote.ScreenshotException: Screen shot has been taken
	at DesktopTest.CardanoDocsHomeTest.verifyIntroductionPageContentTest(CardanoDocsHomeTest.java:132)
Caused by: org.openqa.selenium.NoSuchElementException: 
no such element: Unable to locate element: {"method":"id","selector":"information"}
  (Session info: chrome=90.0.4430.72)
  (Driver info: chromedriver=90.0.4430.24 (4c6d850f087da467d926e8eddb76550aed655991-refs/branch-heads/4430@{#429}),platform=Windows NT 10.0.19043 x86_64) (WARNING: The server did not provide any stacktrace information)
Command duration or timeout: 28 milliseconds
For documentation on this error, please visit: http://seleniumhq.org/exceptions/no_such_element.html
Build info: version: '2.53.0', revision: '35ae25b', time: '2016-03-15 17:00:58'
System info: host: '10-144-164-138', ip: '10.144.164.138', os.name: 'windows', os.arch: 'x86', os.version: '10.0', java.version: '1.8.0_181'
Driver info: org.openqa.selenium.chrome.ChromeDriver
Capabilities [{mobileEmulationEnabled=false, timeouts={implicit=0, pageLoad=300000, script=30000}, hasTouchScreen=false, platform=XP, acceptSslCerts=false, goog:chromeOptions={debuggerAddress=localhost:4123}, acceptInsecureCerts=false, webStorageEnabled=true, browserName=chrome, takesScreenshot=true, javascriptEnabled=true, setWindowRect=true, webauthn:extension:largeBlob=true, unexpectedAlertBehaviour=ignore, applicationCacheEnabled=false, rotatable=false, networkConnectionEnabled=false, chrome={chromedriverVersion=90.0.4430.24 (4c6d850f087da467d926e8eddb76550aed655991-refs/branch-heads/4430@{#429}), userDataDir=C:\Windows\proxy\scoped_dir1160_837376931}, takesHeapSnapshot=true, pageLoadStrategy=normal, strictFileInteractability=false, databaseEnabled=false, handlesAlerts=true, version=90.0.4430.72, browserConnectionEnabled=false, proxy={}, nativeEvents=true, locationContextEnabled=true, cssSelectorsEnabled=true, webauthn:virtualAuthenticators=true}]
Session ID: 4a0d6d2d281823d87021767eb33145b6
*** Element info: {Using=id, value=information}
For documentation on this error, please visit: https://www.seleniumhq.org/exceptions/no_such_element.html
Build info: version: '3.141.59', revision: 'e82be7d358', time: '2018-11-14T08:17:03'
System info: host: 'Mateis-MacBook-Pro.local', ip: 'fe80:0:0:0:1c79:8919:a198:9e58%en0', os.name: 'Mac OS X', os.arch: 'x86_64', os.version: '10.16', java.version: '13.0.2'
Driver info: driver.version: EventFiringWebDriver

verifyIntroductionPageContentTest@Edge(version="90", platform="WINDOWS")(DesktopTest.CardanoDocsHomeTest)  Time elapsed: 8.591 sec  <<< ERROR!
org.openqa.selenium.NoSuchElementException: 
no such element: Unable to locate element: {"method":"css selector","selector":"#information"}
  (Session info: MicrosoftEdge=90.0.818.39)
For documentation on this error, please visit: https://www.seleniumhq.org/exceptions/no_such_element.html
Build info: version: '3.141.59', revision: 'e82be7d358', time: '2018-11-14T08:17:03'
System info: host: 'Mateis-MacBook-Pro.local', ip: 'fe80:0:0:0:1c79:8919:a198:9e58%en0', os.name: 'Mac OS X', os.arch: 'x86_64', os.version: '10.16', java.version: '13.0.2'
Driver info: org.openqa.selenium.remote.RemoteWebDriver
Capabilities {acceptInsecureCerts: false, browserName: msedge, browserVersion: 90.0.818.39, javascriptEnabled: true, ms:edgeOptions: {debuggerAddress: localhost:5110}, msedge: {msedgedriverVersion: 90.0.818.39 (bd674c5081fc01..., userDataDir: C:\Windows\proxy\scoped_dir...}, networkConnectionEnabled: false, pageLoadStrategy: normal, platform: WINDOWS, platformName: WINDOWS, proxy: Proxy(), setWindowRect: true, strictFileInteractability: false, timeouts: {implicit: 0, pageLoad: 300000, script: 30000}, unhandledPromptBehavior: dismiss and notify, webauthn:extension:largeBlob: true, webauthn:virtualAuthenticators: true, webdriver.remote.sessionid: 5e67c98f39bbf7a6350aaa22e4c...}
Session ID: 5e67c98f39bbf7a6350aaa22e4cf6d69d694f352
*** Element info: {Using=id, value=information}
	at DesktopTest.CardanoDocsHomeTest.verifyIntroductionPageContentTest(CardanoDocsHomeTest.java:132)

verifyIntroductionPageContentTest@Firefox(version="88", platform="MAC")(DesktopTest.CardanoDocsHomeTest)  Time elapsed: 7.908 sec  <<< ERROR!
org.openqa.selenium.NoSuchElementException: 
Unable to locate element: #information
For documentation on this error, please visit: https://www.seleniumhq.org/exceptions/no_such_element.html
Build info: version: '3.141.59', revision: 'e82be7d358', time: '2018-11-14T08:17:03'
System info: host: 'Mateis-MacBook-Pro.local', ip: 'fe80:0:0:0:1c79:8919:a198:9e58%en0', os.name: 'Mac OS X', os.arch: 'x86_64', os.version: '10.16', java.version: '13.0.2'
Driver info: org.openqa.selenium.remote.RemoteWebDriver
Capabilities {acceptInsecureCerts: false, browserName: firefox, browserVersion: 88.0, javascriptEnabled: true, moz:accessibilityChecks: false, moz:buildID: 20210415204500, moz:geckodriverVersion: 0.29.0, moz:headless: false, moz:processID: 43660, moz:profile: /var/folders/yj/h3bj394n2tn..., moz:shutdownTimeout: 60000, moz:useNonSpecCompliantPointerOrigin: false, moz:webdriverClick: true, pageLoadStrategy: normal, platform: MAC, platformName: MAC, platformVersion: 17.7.0, rotatable: false, setWindowRect: true, strictFileInteractability: false, timeouts: {implicit: 0, pageLoad: 300000, script: 30000}, unhandledPromptBehavior: dismiss and notify, webdriver.remote.sessionid: 7165150bbcb5dba42da71d9d367...}
Session ID: 7165150bbcb5dba42da71d9d367ba21cf6db962a
*** Element info: {Using=id, value=information}
	at DesktopTest.CardanoDocsHomeTest.verifyIntroductionPageContentTest(CardanoDocsHomeTest.java:132)

verifyIntroductionPageContentTest@Firefox(version="88", platform="WINDOWS")(DesktopTest.CardanoDocsHomeTest)  Time elapsed: 8.647 sec  <<< ERROR!
org.openqa.selenium.NoSuchElementException: 
Unable to locate element: #information
For documentation on this error, please visit: https://www.seleniumhq.org/exceptions/no_such_element.html
Build info: version: '3.141.59', revision: 'e82be7d358', time: '2018-11-14T08:17:03'
System info: host: 'Mateis-MacBook-Pro.local', ip: 'fe80:0:0:0:1c79:8919:a198:9e58%en0', os.name: 'Mac OS X', os.arch: 'x86_64', os.version: '10.16', java.version: '13.0.2'
Driver info: org.openqa.selenium.remote.RemoteWebDriver
Capabilities {acceptInsecureCerts: false, browserName: firefox, browserVersion: 88.0, javascriptEnabled: true, moz:accessibilityChecks: false, moz:buildID: 20210415204500, moz:geckodriverVersion: 0.29.0, moz:headless: false, moz:processID: 9092, moz:profile: C:\Windows\proxy\rust_mozpr..., moz:shutdownTimeout: 60000, moz:useNonSpecCompliantPointerOrigin: false, moz:webdriverClick: true, pageLoadStrategy: normal, platform: WINDOWS, platformName: WINDOWS, platformVersion: 10.0, rotatable: false, setWindowRect: true, strictFileInteractability: false, timeouts: {implicit: 0, pageLoad: 300000, script: 30000}, unhandledPromptBehavior: dismiss and notify, webdriver.remote.sessionid: 9b0b2995297a181dccd6d86584c...}
Session ID: 9b0b2995297a181dccd6d86584cfbf64e92483d7
*** Element info: {Using=id, value=information}
	at DesktopTest.CardanoDocsHomeTest.verifyIntroductionPageContentTest(CardanoDocsHomeTest.java:132)

verifyIntroductionPageContentTest@Safari(version="14", platform="MAC")(DesktopTest.CardanoDocsHomeTest)  Time elapsed: 10.677 sec  <<< ERROR!
org.openqa.selenium.NoSuchElementException: 

For documentation on this error, please visit: https://www.seleniumhq.org/exceptions/no_such_element.html
Build info: version: '3.141.59', revision: 'e82be7d358', time: '2018-11-14T08:17:03'
System info: host: 'Mateis-MacBook-Pro.local', ip: 'fe80:0:0:0:1c79:8919:a198:9e58%en0', os.name: 'Mac OS X', os.arch: 'x86_64', os.version: '10.16', java.version: '13.0.2'
Driver info: org.openqa.selenium.remote.RemoteWebDriver
Capabilities {acceptInsecureCerts: false, browserName: Safari, browserVersion: 14.1.1, javascriptEnabled: true, platform: MAC, platformName: MAC, safari:automaticInspection: false, safari:automaticProfiling: false, safari:diagnose: false, safari:platformBuildVersion: 20F71, safari:platformVersion: 11.4, safari:useSimulator: false, setWindowRect: true, strictFileInteractability: false, webdriver.remote.sessionid: a3133028690cdd998f21a36cfdc..., webkit:WebRTC: {DisableICECandidateFiltering: false, DisableInsecureMediaCapture: false}}
Session ID: a3133028690cdd998f21a36cfdca7a4d0c909757
*** Element info: {Using=id, value=information}
	at DesktopTest.CardanoDocsHomeTest.verifyIntroductionPageContentTest(CardanoDocsHomeTest.java:132)

verifyIntroductionCardanoHaskellLinksTest@Chrome(version="90", platform="MAC")(DesktopTest.CardanoDocsHomeTest)  Time elapsed: 7.586 sec  <<< FAILURE!
com.github.webdriverextensions.exceptions.WebAssertionError: 
Element is not displayed
    Element: <a href="https://why.cardano.org" target="_blank" rel="noopener noreferrer">Cardano </a>
	at DesktopTest.CardanoDocsHomeTest.verifyIntroductionCardanoHaskellLinksTest(CardanoDocsHomeTest.java:112)

verifyIntroductionCardanoHaskellLinksTest@Chrome(version="90", platform="WINDOWS")(DesktopTest.CardanoDocsHomeTest)  Time elapsed: 7.57 sec  <<< FAILURE!
com.github.webdriverextensions.exceptions.WebAssertionError: 
Element is not displayed
    Element: <a href="https://why.cardano.org" target="_blank" rel="noopener noreferrer">Cardano </a>
	at DesktopTest.CardanoDocsHomeTest.verifyIntroductionCardanoHaskellLinksTest(CardanoDocsHomeTest.java:112)

verifyIntroductionCardanoHaskellLinksTest@Edge(version="90", platform="WINDOWS")(DesktopTest.CardanoDocsHomeTest)  Time elapsed: 12.076 sec  <<< FAILURE!
com.github.webdriverextensions.exceptions.WebAssertionError: 
Element is not displayed
    Element: <a href="https://why.cardano.org" target="_blank" rel="noopener noreferrer">Cardano </a>
	at DesktopTest.CardanoDocsHomeTest.verifyIntroductionCardanoHaskellLinksTest(CardanoDocsHomeTest.java:112)

verifyIntroductionCardanoHaskellLinksTest@Firefox(version="88", platform="MAC")(DesktopTest.CardanoDocsHomeTest)  Time elapsed: 8.264 sec  <<< FAILURE!
com.github.webdriverextensions.exceptions.WebAssertionError: 
Element is not displayed
    Element: <a href="https://why.cardano.org" target="_blank" rel="noopener noreferrer">Cardano </a>
	at DesktopTest.CardanoDocsHomeTest.verifyIntroductionCardanoHaskellLinksTest(CardanoDocsHomeTest.java:112)

verifyIntroductionCardanoHaskellLinksTest@Firefox(version="88", platform="WINDOWS")(DesktopTest.CardanoDocsHomeTest)  Time elapsed: 8.556 sec  <<< FAILURE!
com.github.webdriverextensions.exceptions.WebAssertionError: 
Element is not displayed
    Element: <a href="https://why.cardano.org" target="_blank" rel="noopener noreferrer">Cardano </a>
	at DesktopTest.CardanoDocsHomeTest.verifyIntroductionCardanoHaskellLinksTest(CardanoDocsHomeTest.java:112)

verifyIntroductionCardanoHaskellLinksTest@Safari(version="14", platform="MAC")(DesktopTest.CardanoDocsHomeTest)  Time elapsed: 13.918 sec  <<< FAILURE!
com.github.webdriverextensions.exceptions.WebAssertionError: 
Element is not displayed
    Element: <A href="https://why.cardano.org" target="_blank" rel="noopener noreferrer">Cardano </A>
	at DesktopTest.CardanoDocsHomeTest.verifyIntroductionCardanoHaskellLinksTest(CardanoDocsHomeTest.java:112)

verifyDayAndNightSwitchTest@Chrome(version="90", platform="MAC")(DesktopTest.CardanoDocsHomeTest)  Time elapsed: 4.59 sec  <<< FAILURE!
com.github.webdriverextensions.exceptions.WebAssertionError: Element is not displayed
	at DesktopTest.CardanoDocsHomeTest.verifyDayAndNightSwitchTest(CardanoDocsHomeTest.java:72)

verifyDayAndNightSwitchTest@Chrome(version="90", platform="WINDOWS")(DesktopTest.CardanoDocsHomeTest)  Time elapsed: 6.298 sec  <<< FAILURE!
com.github.webdriverextensions.exceptions.WebAssertionError: Element is not displayed
	at DesktopTest.CardanoDocsHomeTest.verifyDayAndNightSwitchTest(CardanoDocsHomeTest.java:72)

verifyDayAndNightSwitchTest@Edge(version="90", platform="WINDOWS")(DesktopTest.CardanoDocsHomeTest)  Time elapsed: 4.939 sec  <<< FAILURE!
com.github.webdriverextensions.exceptions.WebAssertionError: Element is not displayed
	at DesktopTest.CardanoDocsHomeTest.verifyDayAndNightSwitchTest(CardanoDocsHomeTest.java:72)

verifyDayAndNightSwitchTest@Firefox(version="88", platform="MAC")(DesktopTest.CardanoDocsHomeTest)  Time elapsed: 4.027 sec  <<< FAILURE!
com.github.webdriverextensions.exceptions.WebAssertionError: Element is not displayed
	at DesktopTest.CardanoDocsHomeTest.verifyDayAndNightSwitchTest(CardanoDocsHomeTest.java:72)

verifyDayAndNightSwitchTest@Firefox(version="88", platform="WINDOWS")(DesktopTest.CardanoDocsHomeTest)  Time elapsed: 4.691 sec  <<< FAILURE!
com.github.webdriverextensions.exceptions.WebAssertionError: Element is not displayed
	at DesktopTest.CardanoDocsHomeTest.verifyDayAndNightSwitchTest(CardanoDocsHomeTest.java:72)

verifyDayAndNightSwitchTest@Safari(version="14", platform="MAC")(DesktopTest.CardanoDocsHomeTest)  Time elapsed: 2.428 sec  <<< FAILURE!
com.github.webdriverextensions.exceptions.WebAssertionError: Element is not displayed
	at DesktopTest.CardanoDocsHomeTest.verifyDayAndNightSwitchTest(CardanoDocsHomeTest.java:72)

