-------------------------------------------------------------------------------
Test set: IohkIoTest.IohkIoBlogTest
-------------------------------------------------------------------------------
Tests run: 24, Failures: 1, Errors: 4, Skipped: 0, Time elapsed: 905.449 sec <<< FAILURE!
verifySearchResultsPresent@Firefox(version="88", platform="WINDOWS")(IohkIoTest.IohkIoBlogTest)  Time elapsed: 21.348 sec  <<< ERROR!
org.openqa.selenium.NoSuchElementException: 
Unable to locate element: *[name='query']
For documentation on this error, please visit: https://www.seleniumhq.org/exceptions/no_such_element.html
Build info: version: '3.141.59', revision: 'e82be7d358', time: '2018-11-14T08:17:03'
System info: host: 'Mateis-MacBook-Pro.local', ip: 'fe80:0:0:0:1c05:4c75:3717:2c51%en0', os.name: 'Mac OS X', os.arch: 'x86_64', os.version: '10.16', java.version: '13.0.2'
Driver info: org.openqa.selenium.remote.RemoteWebDriver
Capabilities {acceptInsecureCerts: false, browserName: firefox, browserVersion: 88.0, javascriptEnabled: true, moz:accessibilityChecks: false, moz:buildID: 20210415204500, moz:geckodriverVersion: 0.29.0, moz:headless: false, moz:processID: 796, moz:profile: C:\Windows\proxy\rust_mozpr..., moz:shutdownTimeout: 60000, moz:useNonSpecCompliantPointerOrigin: false, moz:webdriverClick: true, pageLoadStrategy: normal, platform: WINDOWS, platformName: WINDOWS, platformVersion: 10.0, rotatable: false, setWindowRect: true, strictFileInteractability: false, timeouts: {implicit: 0, pageLoad: 300000, script: 30000}, unhandledPromptBehavior: dismiss and notify, webdriver.remote.sessionid: 3c096c0eef5d27b8403b9520ec0...}
Session ID: 3c096c0eef5d27b8403b9520ec01fb81d9e41be2
*** Element info: {Using=name, value=query}
	at IohkIoTest.IohkIoBlogTest.verifySearchResultsPresent(IohkIoBlogTest.java:98)

verifySearchBoxValidation@Chrome(version="90", platform="WINDOWS")(IohkIoTest.IohkIoBlogTest)  Time elapsed: 21.992 sec  <<< ERROR!
org.openqa.selenium.NoSuchElementException: 
no such element: Unable to locate element: {"method":"name","selector":"query"}
  (Session info: chrome=90.0.4430.72)
  (Driver info: chromedriver=90.0.4430.24 (4c6d850f087da467d926e8eddb76550aed655991-refs/branch-heads/4430@{#429}),platform=Windows NT 6.2.9200 x86_64) (WARNING: The server did not provide any stacktrace information)
Command duration or timeout: 43 milliseconds
For documentation on this error, please visit: http://seleniumhq.org/exceptions/no_such_element.html
Build info: version: '2.53.0', revision: '35ae25b', time: '2016-03-15 17:00:58'
System info: host: '10-144-225-17', ip: '10.144.225.17', os.name: 'windows', os.arch: 'x86', os.version: '6.2', java.version: '1.8.0_181'
Driver info: org.openqa.selenium.chrome.ChromeDriver
Capabilities [{mobileEmulationEnabled=false, timeouts={implicit=0, pageLoad=300000, script=30000}, hasTouchScreen=false, platform=XP, acceptSslCerts=false, goog:chromeOptions={debuggerAddress=localhost:1943}, acceptInsecureCerts=false, webStorageEnabled=true, browserName=chrome, takesScreenshot=true, javascriptEnabled=true, setWindowRect=true, webauthn:extension:largeBlob=true, unexpectedAlertBehaviour=ignore, applicationCacheEnabled=false, rotatable=false, networkConnectionEnabled=false, chrome={chromedriverVersion=90.0.4430.24 (4c6d850f087da467d926e8eddb76550aed655991-refs/branch-heads/4430@{#429}), userDataDir=C:\Windows\proxy\scoped_dir2096_1506770575}, takesHeapSnapshot=true, pageLoadStrategy=normal, strictFileInteractability=false, databaseEnabled=false, handlesAlerts=true, version=90.0.4430.72, browserConnectionEnabled=false, proxy={}, nativeEvents=true, locationContextEnabled=true, cssSelectorsEnabled=true, webauthn:virtualAuthenticators=true}]
Session ID: 18364f12bba0c674acea75e5ee54a173
*** Element info: {Using=name, value=query}
Command duration or timeout: 0 milliseconds
	at IohkIoTest.IohkIoBlogTest.verifySearchBoxValidation(IohkIoBlogTest.java:88)
Caused by: org.openqa.selenium.remote.ScreenshotException: Screen shot has been taken
	at IohkIoTest.IohkIoBlogTest.verifySearchBoxValidation(IohkIoBlogTest.java:88)
Caused by: org.openqa.selenium.NoSuchElementException: 
no such element: Unable to locate element: {"method":"name","selector":"query"}
  (Session info: chrome=90.0.4430.72)
  (Driver info: chromedriver=90.0.4430.24 (4c6d850f087da467d926e8eddb76550aed655991-refs/branch-heads/4430@{#429}),platform=Windows NT 6.2.9200 x86_64) (WARNING: The server did not provide any stacktrace information)
Command duration or timeout: 43 milliseconds
For documentation on this error, please visit: http://seleniumhq.org/exceptions/no_such_element.html
Build info: version: '2.53.0', revision: '35ae25b', time: '2016-03-15 17:00:58'
System info: host: '10-144-225-17', ip: '10.144.225.17', os.name: 'windows', os.arch: 'x86', os.version: '6.2', java.version: '1.8.0_181'
Driver info: org.openqa.selenium.chrome.ChromeDriver
Capabilities [{mobileEmulationEnabled=false, timeouts={implicit=0, pageLoad=300000, script=30000}, hasTouchScreen=false, platform=XP, acceptSslCerts=false, goog:chromeOptions={debuggerAddress=localhost:1943}, acceptInsecureCerts=false, webStorageEnabled=true, browserName=chrome, takesScreenshot=true, javascriptEnabled=true, setWindowRect=true, webauthn:extension:largeBlob=true, unexpectedAlertBehaviour=ignore, applicationCacheEnabled=false, rotatable=false, networkConnectionEnabled=false, chrome={chromedriverVersion=90.0.4430.24 (4c6d850f087da467d926e8eddb76550aed655991-refs/branch-heads/4430@{#429}), userDataDir=C:\Windows\proxy\scoped_dir2096_1506770575}, takesHeapSnapshot=true, pageLoadStrategy=normal, strictFileInteractability=false, databaseEnabled=false, handlesAlerts=true, version=90.0.4430.72, browserConnectionEnabled=false, proxy={}, nativeEvents=true, locationContextEnabled=true, cssSelectorsEnabled=true, webauthn:virtualAuthenticators=true}]
Session ID: 18364f12bba0c674acea75e5ee54a173
*** Element info: {Using=name, value=query}
For documentation on this error, please visit: https://www.seleniumhq.org/exceptions/no_such_element.html
Build info: version: '3.141.59', revision: 'e82be7d358', time: '2018-11-14T08:17:03'
System info: host: 'Mateis-MacBook-Pro.local', ip: 'fe80:0:0:0:1c05:4c75:3717:2c51%en0', os.name: 'Mac OS X', os.arch: 'x86_64', os.version: '10.16', java.version: '13.0.2'
Driver info: driver.version: EventFiringWebDriver

verifySearchBoxValidation@Edge(version="90", platform="WINDOWS")(IohkIoTest.IohkIoBlogTest)  Time elapsed: 37.298 sec  <<< ERROR!
org.openqa.selenium.NoSuchElementException: 
no such element: Unable to locate element: {"method":"css selector","selector":"*[name='query']"}
  (Session info: MicrosoftEdge=90.0.818.39)
For documentation on this error, please visit: https://www.seleniumhq.org/exceptions/no_such_element.html
Build info: version: '3.141.59', revision: 'e82be7d358', time: '2018-11-14T08:17:03'
System info: host: 'Mateis-MacBook-Pro.local', ip: 'fe80:0:0:0:1c05:4c75:3717:2c51%en0', os.name: 'Mac OS X', os.arch: 'x86_64', os.version: '10.16', java.version: '13.0.2'
Driver info: org.openqa.selenium.remote.RemoteWebDriver
Capabilities {acceptInsecureCerts: false, browserName: msedge, browserVersion: 90.0.818.39, javascriptEnabled: true, ms:edgeOptions: {debuggerAddress: localhost:2464}, msedge: {msedgedriverVersion: 90.0.818.39 (bd674c5081fc01..., userDataDir: C:\Windows\proxy\scoped_dir...}, networkConnectionEnabled: false, pageLoadStrategy: normal, platform: WINDOWS, platformName: WINDOWS, proxy: Proxy(), setWindowRect: true, strictFileInteractability: false, timeouts: {implicit: 0, pageLoad: 300000, script: 30000}, unhandledPromptBehavior: dismiss and notify, webauthn:extension:largeBlob: true, webauthn:virtualAuthenticators: true, webdriver.remote.sessionid: 0a4647a070fe58a4db73f0fdde7...}
Session ID: 0a4647a070fe58a4db73f0fdde739b77b6c399ae
*** Element info: {Using=name, value=query}
	at IohkIoTest.IohkIoBlogTest.verifySearchBoxValidation(IohkIoBlogTest.java:88)

verifyBlogPage@Firefox(version="88", platform="WINDOWS")(IohkIoTest.IohkIoBlogTest)  Time elapsed: 22.303 sec  <<< ERROR!
org.openqa.selenium.NoSuchElementException: 
Unable to locate element: .PaginatedItems__Container-uoqn2s-0
For documentation on this error, please visit: https://www.seleniumhq.org/exceptions/no_such_element.html
Build info: version: '3.141.59', revision: 'e82be7d358', time: '2018-11-14T08:17:03'
System info: host: 'Mateis-MacBook-Pro.local', ip: 'fe80:0:0:0:1c05:4c75:3717:2c51%en0', os.name: 'Mac OS X', os.arch: 'x86_64', os.version: '10.16', java.version: '13.0.2'
Driver info: org.openqa.selenium.remote.RemoteWebDriver
Capabilities {acceptInsecureCerts: false, browserName: firefox, browserVersion: 88.0, javascriptEnabled: true, moz:accessibilityChecks: false, moz:buildID: 20210415204500, moz:geckodriverVersion: 0.29.0, moz:headless: false, moz:processID: 7704, moz:profile: C:\Windows\proxy\rust_mozpr..., moz:shutdownTimeout: 60000, moz:useNonSpecCompliantPointerOrigin: false, moz:webdriverClick: true, pageLoadStrategy: normal, platform: WINDOWS, platformName: WINDOWS, platformVersion: 6.2, rotatable: false, setWindowRect: true, strictFileInteractability: false, timeouts: {implicit: 0, pageLoad: 300000, script: 30000}, unhandledPromptBehavior: dismiss and notify, webdriver.remote.sessionid: d099a8949bbb4b781fb240f0a54...}
Session ID: d099a8949bbb4b781fb240f0a54a64b5f9e27e2a
*** Element info: {Using=css selector, value=.PaginatedItems__Container-uoqn2s-0}
	at IohkIoTest.IohkIoBlogTest.verifyBlogPage(IohkIoBlogTest.java:78)

verifyNoSearchResultsPresent@Firefox(version="88", platform="WINDOWS")(IohkIoTest.IohkIoBlogTest)  Time elapsed: 21.519 sec  <<< FAILURE!
com.github.webdriverextensions.exceptions.WebAssertionError: Element is not displayed
	at IohkIoTest.IohkIoBlogTest.verifyNoSearchResultsPresent(IohkIoBlogTest.java:111)

